<?xml version="1.0" encoding="UTF-8"?>
<testng-results ignored="4" total="5" passed="1" failed="0" skipped="0">
  <reporter-output>
  </reporter-output>
  <suite started-at="2022-09-22T18:51:15 IST" name="Default suite" finished-at="2022-09-22T18:51:26 IST" duration-ms="10965">
    <groups>
    </groups>
    <test started-at="2022-09-22T18:51:15 IST" name="Default test" finished-at="2022-09-22T18:51:26 IST" duration-ms="10965">
      <class name="testcases.TC_VideoGame">
        <test-method signature="test_DeleteVideoGame()[pri:5, instance:testcases.TC_VideoGame@ef9296d]" started-at="2022-09-22T18:51:15 IST" name="test_DeleteVideoGame" finished-at="2022-09-22T18:51:26 IST" duration-ms="10720" status="PASS">
          <reporter-output>
          </reporter-output>
        </test-method> <!-- test_DeleteVideoGame -->
      </class> <!-- testcases.TC_VideoGame -->
    </test> <!-- Default test -->
  </suite> <!-- Default suite -->
</testng-results>
