<?xml version="1.0" encoding="UTF-8"?>
<!-- Generated by org.testng.reporters.JUnitXMLReporter -->
<testsuite ignored="4" hostname="DESKTOP-BMBI0L0" failures="0" tests="1" name="Default test" time="10.965" errors="0" timestamp="2022-09-22T18:51:26 IST">
  <testcase classname="testcases.TC_VideoGame" name="test_DeleteVideoGame" time="10.72"/>
  <testcase classname="testcases.TC_VideoGame" name="test_addNewVideoGame" time="0.0">
    <ignored/>
  </testcase> <!-- test_addNewVideoGame -->
  <testcase classname="testcases.TC_VideoGame" name="test_getVideoGame" time="0.0">
    <ignored/>
  </testcase> <!-- test_getVideoGame -->
  <testcase classname="testcases.TC_VideoGame" name="test_getAllVideoGames" time="0.0">
    <ignored/>
  </testcase> <!-- test_getAllVideoGames -->
  <testcase classname="testcases.TC_VideoGame" name="test_UpdateVideoGame" time="0.0">
    <ignored/>
  </testcase> <!-- test_UpdateVideoGame -->
</testsuite> <!-- Default test -->
