<?xml version="1.0" encoding="UTF-8"?>
<!-- Generated by org.testng.reporters.JUnitXMLReporter -->
<testsuite ignored="0" hostname="DESKTOP-BMBI0L0" failures="1" tests="5" name="Test" time="10.423" errors="0" timestamp="2022-09-22T18:02:17 IST">
  <testcase classname="testcases.TC_VideoGame" name="test_getAllVideoGames" time="0.023">
    <failure type="java.lang.Error" message="Unresolved compilation problems: 
	Syntax error on token &amp;quot;.&amp;quot;, delete this token
	The method then() is undefined for the type TC_VideoGame
">
      <![CDATA[java.lang.Error: Unresolved compilation problems: 
Syntax error on token ".", delete this token
The method then() is undefined for the type TC_VideoGame

at testcases.TC_VideoGame.test_getAllVideoGames(TC_VideoGame.java:23)
at java.base/java.util.ArrayList.forEach(ArrayList.java:1511)
... Removed 27 stack frames]]>
    </failure>
  </testcase> <!-- test_getAllVideoGames -->
  <testcase classname="testcases.TC_VideoGame" name="test_addNewVideoGame" time="7.347"/>
  <testcase classname="testcases.TC_VideoGame" name="test_getVideoGame" time="2.569"/>
  <testcase classname="testcases.TC_VideoGame" name="test_UpdateVideoGame" time="0.231"/>
  <testcase classname="testcases.TC_VideoGame" name="test_DeleteVideoGame" time="0.089"/>
</testsuite> <!-- Test -->
